C51 COMPILER V9.60.7.0   MAIN                                                              01/02/2026 14:32:53 PAGE 1   


C51 COMPILER V9.60.7.0, COMPILATION OF MODULE MAIN
OBJECT MODULE PLACED IN .\Objects\main.obj
COMPILER INVOKED BY: C:\Keil_v5\C51\BIN\C51.EXE main.c OPTIMIZE(8,SPEED) BROWSE DEBUG OBJECTEXTEND PRINT(.\Listings\main
                    -.lst) TABS(2) OBJECT(.\Objects\main.obj)

line level    source

   1          #include <REGX52.H>
   2          #include "Delay.h"
   3          
   4          sbit RCK=P3^5;     //RCLK
   5          sbit SCK=P3^6;     //SRCLK
   6          sbit SER=P3^4;     //SER
   7          
   8          void _74HC595_WriteByte(unsigned char byte)
   9          {
  10   1        unsigned char i=0;
  11   1        for (i=0;i<8;i++)
  12   1        {
  13   2          SER=byte&(0x80>>i);
  14   2          SCK=0;
  15   2          SCK=1;
  16   2        }
  17   1        RCK=0;
  18   1        RCK=1;
  19   1      }
  20          
  21          void MartrixLED_ShowColumn(unsigned char col,unsigned char Data)
  22          {
  23   1        _74HC595_WriteByte(Data);
  24   1        P0=~(0x80>>col);
  25   1        Delay(1);
  26   1        P0=0xFF;
  27   1      }
  28          
  29          void main()
  30          {
  31   1        SCK=1;
  32   1        RCK=1;
  33   1        while(1)
  34   1        {
  35   2          MartrixLED_ShowColumn(0, 0x3C);
  36   2          MartrixLED_ShowColumn(6, 0x42);
  37   2          MartrixLED_ShowColumn(2, 0xA9);
  38   2          MartrixLED_ShowColumn(3, 0x85);
  39   2          MartrixLED_ShowColumn(4, 0x85);
  40   2          MartrixLED_ShowColumn(5, 0xA9);
  41   2          MartrixLED_ShowColumn(1, 0x42);
  42   2          MartrixLED_ShowColumn(7, 0x3C);
  43   2        }
  44   1      }


MODULE INFORMATION:   STATIC OVERLAYABLE
   CODE SIZE        =    143    ----
   CONSTANT SIZE    =   ----    ----
   XDATA SIZE       =   ----    ----
   PDATA SIZE       =   ----    ----
   DATA SIZE        =   ----    ----
   IDATA SIZE       =   ----    ----
   BIT SIZE         =   ----    ----
C51 COMPILER V9.60.7.0   MAIN                                                              01/02/2026 14:32:53 PAGE 2   

END OF MODULE INFORMATION.


C51 COMPILATION COMPLETE.  0 WARNING(S),  0 ERROR(S)
