C51 COMPILER V9.60.7.0   MAIN                                                              02/06/2026 22:32:42 PAGE 1   


C51 COMPILER V9.60.7.0, COMPILATION OF MODULE MAIN
OBJECT MODULE PLACED IN .\Objects\main.obj
COMPILER INVOKED BY: C:\Keil_v5\C51\BIN\C51.EXE main.c OPTIMIZE(8,SPEED) BROWSE DEBUG OBJECTEXTEND PRINT(.\Listings\main
                    -.lst) TABS(2) OBJECT(.\Objects\main.obj)

line level    source

   1          #include <REGX52.H>
   2          #include "Delay.h"
   3          #include "Key.h"
   4          #include "LCD1602.h"
   5          #include "AT24C02.h"
   6          #include "MatrixKey.h"
   7          void main()
   8          {
   9   1        unsigned char count=1;
  10   1        unsigned char keyread=0;
  11   1        LCD_Init();
  12   1        LCD_ShowString(1,1,"count");
  13   1        while(1)
  14   1        {
  15   2          //keyread=MatrixKey();
  16   2          keyread=Key();
  17   2          switch(keyread)
  18   2          {
  19   3            case 1:count++;break;
  20   3            case 2:count--;break;
  21   3            case 3:AT24C02_WriteByte(0,count);Delay(5);break;
  22   3            case 4:count=AT24C02_ReadByte(0);break;
  23   3          }
  24   2          Delay(5);
  25   2          LCD_ShowNum(2,1,count,2);
  26   2        }
  27   1      }


MODULE INFORMATION:   STATIC OVERLAYABLE
   CODE SIZE        =     98    ----
   CONSTANT SIZE    =      6    ----
   XDATA SIZE       =   ----    ----
   PDATA SIZE       =   ----    ----
   DATA SIZE        =   ----       2
   IDATA SIZE       =   ----    ----
   BIT SIZE         =   ----    ----
END OF MODULE INFORMATION.


C51 COMPILATION COMPLETE.  0 WARNING(S),  0 ERROR(S)
