C51 COMPILER V9.60.7.0   MAIN                                                              01/02/2026 22:01:12 PAGE 1   


C51 COMPILER V9.60.7.0, COMPILATION OF MODULE MAIN
OBJECT MODULE PLACED IN .\Objects\main.obj
COMPILER INVOKED BY: C:\Keil_v5\C51\BIN\C51.EXE main.c OPTIMIZE(8,SPEED) BROWSE DEBUG OBJECTEXTEND PRINT(.\Listings\main
                    -.lst) TABS(2) OBJECT(.\Objects\main.obj)

line level    source

   1          #include <REGX52.H>
   2          #include "Delay.h"
   3          #include "Matrix LED.h"
   4          #include "Key.h"
   5          unsigned char i;
   6          unsigned char a = 0;
   7          unsigned char count=0;
   8          unsigned char pause=0;
   9          unsigned char K1;
  10          
  11          sbit RCK=P3^5;     //RCLK
  12          sbit SCK=P3^6;     //SRCLK
  13          sbit SER=P3^4;     //SER
  14          
  15          unsigned char animation_speed = 50; // 动画速度，值越大越慢 (单位: 10ms)
  16          
  17          // 动画数据 (48字节, 6帧, 每帧8字节)
  18          unsigned char Animation[48] = 
  19          {
  20              0x00,0x00,0x19,0x3E,0x7C,0x54,0x03,0x00,
  21              0x00,0x00,0x01,0x02,0x1C,0x1C,0x7B,0x58,
  22              0x00,0x00,0x19,0x3E,0x7C,0x54,0x03,0x00,
  23              0x00,0x00,0x23,0x7C,0xF8,0xB6,0x01,0x00,
  24              0x00,0x00,0x01,0x02,0x24,0x78,0xFF,0xB0,
  25              0x00,0x00,0x23,0x7C,0xF8,0xB6,0x01,0x00
  26          };
  27          
  28          // --- 定时器0初始化 (10ms@11.0592MHz) ---
  29          void Timer0Init(void)
  30          {
  31   1          TMOD &= 0xF0;        // 设置定时器模式为16位定时器
  32   1          TMOD |= 0x01;
  33   1          TL0 = 0x00;          // 设置定时初值 (10ms)
  34   1          TH0 = 0xDC;
  35   1          TF0 = 0;             // 清除TF0标志
  36   1          TR0 = 1;             // 定时器0开始计时
  37   1          ET0 = 1;             // 允许定时器0中断
  38   1          EA = 1;              // 开启总中断
  39   1      }
  40          
  41          // --- 定时器0中断服务程序 (用于切换动画帧) ---
  42          void Timer0_ISR() interrupt 1
  43          {
  44   1          // 1. 重新装载初值，以实现连续的10ms定时
  45   1          TL0 = 0x00;
  46   1          TH0 = 0xDC;
  47   1      
  48   1          // 2. 静态变量，用于软件分频，控制动画切换速度
  49   1          if (++count >= animation_speed)
  50   1          {
  51   2              count = 0; // 计数器清零
  52   2      
  53   2              // 3. 如果没有暂停，则切换到下一帧
  54   2              if (pause == 0)
C51 COMPILER V9.60.7.0   MAIN                                                              01/02/2026 22:01:12 PAGE 2   

  55   2              {
  56   3                  i += 8;
  57   3                  // 4. 修正后的循环逻辑
  58   3                  if (i >= 40) // 当播放到最后一帧(索引40)后
  59   3                  {
  60   4                      i = 0; // 循环回到第一帧
  61   4                  }
  62   3              }
  63   2          }
  64   1      }
  65          
  66          // --- 主函数 ---
  67          void main()
  68          {
  69   1          Timer0Init();        // 初始化定时器
  70   1          MatrixLED_Init();    // 初始化点阵
  71   1      
  72   1          while(1)
  73   1          {
  74   2              // 1. 按键检测 (非阻塞方式)
  75   2              unsigned char key_val = Key();
  76   2              if(key_val == 1) // 如果按键1被按下
  77   2              {
  78   3                  pause = !pause; // 切换暂停状态 (0变1, 1变0)
  79   3                  Delay(200);    // 简单延时，防止一次按键触发多次
  80   3              }
  81   2      
  82   2              // 2. 高速扫描显示当前帧 (i的值由中断控制)
  83   2              // 这部分代码会被反复、快速地执行，形成稳定的图像
  84   2              MatrixLED_ShowColumn(0, Animation[i]);
  85   2              MatrixLED_ShowColumn(1, Animation[i+1]);
  86   2              MatrixLED_ShowColumn(2, Animation[i+2]);
  87   2              MatrixLED_ShowColumn(3, Animation[i+3]);
  88   2              MatrixLED_ShowColumn(4, Animation[i+4]);
  89   2              MatrixLED_ShowColumn(5, Animation[i+5]);
  90   2              MatrixLED_ShowColumn(6, Animation[i+6]);
  91   2              MatrixLED_ShowColumn(7, Animation[i+7]);
  92   2          }
  93   1      }


MODULE INFORMATION:   STATIC OVERLAYABLE
   CODE SIZE        =    199    ----
   CONSTANT SIZE    =   ----    ----
   XDATA SIZE       =   ----    ----
   PDATA SIZE       =   ----    ----
   DATA SIZE        =     54       1
   IDATA SIZE       =   ----    ----
   BIT SIZE         =   ----    ----
END OF MODULE INFORMATION.


C51 COMPILATION COMPLETE.  0 WARNING(S),  0 ERROR(S)
