C51 COMPILER V9.60.7.0   MATRIX_LED                                                        01/02/2026 21:58:50 PAGE 1   


C51 COMPILER V9.60.7.0, COMPILATION OF MODULE MATRIX_LED
OBJECT MODULE PLACED IN .\Objects\Matrix LED.obj
COMPILER INVOKED BY: C:\Keil_v5\C51\BIN\C51.EXE Matrix LED.c OPTIMIZE(8,SPEED) BROWSE DEBUG OBJECTEXTEND PRINT(.\Listing
                    -s\Matrix LED.lst) TABS(2) OBJECT(.\Objects\Matrix LED.obj)

line level    source

   1          #include <REGX52.H>
   2          #include "Delay.h"
   3          sbit RCK=P3^5;     //RCLK
   4          sbit SCK=P3^6;     //SRCLK
   5          sbit SER=P3^4;     //SER
   6          
   7          void _74HC595_WriteByte(unsigned char byte)
   8          {
   9   1        unsigned char i=0;
  10   1        for (i=0;i<8;i++)
  11   1        {
  12   2          SER=byte&(0x80>>i);
  13   2          SCK=0;
  14   2          SCK=1;
  15   2        }
  16   1        RCK=0;
  17   1        RCK=1;
  18   1      }
  19          
  20          void MatrixLED_ShowColumn(unsigned char col,unsigned char Data)
  21          {
  22   1        _74HC595_WriteByte(Data);
  23   1        P0=~(0x80>>col);
  24   1        Delay(1);
  25   1        P0=0xFF;
  26   1      }
  27          
  28          
  29          
  30          void MatrixLED_Init()
  31          {
  32   1          SCK=1;
  33   1          RCK=1;
  34   1      }


MODULE INFORMATION:   STATIC OVERLAYABLE
   CODE SIZE        =     86    ----
   CONSTANT SIZE    =   ----    ----
   XDATA SIZE       =   ----    ----
   PDATA SIZE       =   ----    ----
   DATA SIZE        =   ----    ----
   IDATA SIZE       =   ----    ----
   BIT SIZE         =   ----    ----
END OF MODULE INFORMATION.


C51 COMPILATION COMPLETE.  0 WARNING(S),  0 ERROR(S)
