C51 COMPILER V9.60.7.0   MAIN                                                              12/26/2025 18:56:14 PAGE 1   


C51 COMPILER V9.60.7.0, COMPILATION OF MODULE MAIN
OBJECT MODULE PLACED IN .\Objects\main.obj
COMPILER INVOKED BY: C:\Keil_v5\C51\BIN\C51.EXE main.c OPTIMIZE(8,SPEED) BROWSE DEBUG OBJECTEXTEND PRINT(.\Listings\main
                    -.lst) TABS(2) OBJECT(.\Objects\main.obj)

line level    source

   1          #include <REGX52.H>
   2          void Delay200us()   //@12.000MHz
   3          {
   4   1        unsigned char i, j;
   5   1      
   6   1        i = 3;
   7   1        j = 82;
   8   1        do
   9   1        {
  10   2          while (--j);
  11   2        } while (--i);
  12   1      }
  13          
  14          
  15          
  16          
  17          
  18          void lighting(int x,int y)
  19          {
  20   1         switch(x)
  21   1        {
  22   2        case 1:P2_2=0;P2_3=0;P2_4=0;break;
  23   2        case 2:P2_2=1;P2_3=0;P2_4=0;break;
  24   2        case 3:P2_2=0;P2_3=1;P2_4=0;break;
  25   2        case 4:P2_2=1;P2_3=1;P2_4=0;break;
  26   2        case 5:P2_2=0;P2_3=0;P2_4=1;break;
  27   2        case 6:P2_2=1;P2_3=0;P2_4=1;break;
  28   2        case 7:P2_2=0;P2_3=1;P2_4=1;break;
  29   2        case 8:P2_2=1;P2_3=1;P2_4=1;break;
  30   2         }
  31   1         switch(y)
  32   1         {
  33   2           case 1:P0=0x30;break;
  34   2           case 2:P0=0x5B;break;
  35   2           case 3:P0=0x4F;break;
  36   2           case 4:P0=0x66;break;
  37   2           case 5:P0=0x6D;break;
  38   2           case 6:P0=0x7D;break;
  39   2           case 7:P0=0x07;break;
  40   2           case 8:P0=0x7F;break;
  41   2           case 9:P0=0x1F;break;
  42   2           case 0:P0=0x3F;break;
  43   2         }
  44   1         Delay200us();
  45   1      }
  46          void main()
  47          {
  48   1        while(1)
  49   1       {
  50   2         lighting(1,1);
  51   2         lighting(2,2);
  52   2         lighting(3,3);
  53   2         lighting(4,4);
  54   2         lighting(5,5);
C51 COMPILER V9.60.7.0   MAIN                                                              12/26/2025 18:56:14 PAGE 2   

  55   2         lighting(6,6);
  56   2         lighting(7,7);
  57   2         lighting(8,8);
  58   2       }
  59   1      }


MODULE INFORMATION:   STATIC OVERLAYABLE
   CODE SIZE        =    266    ----
   CONSTANT SIZE    =   ----    ----
   XDATA SIZE       =   ----    ----
   PDATA SIZE       =   ----    ----
   DATA SIZE        =   ----    ----
   IDATA SIZE       =   ----    ----
   BIT SIZE         =   ----    ----
END OF MODULE INFORMATION.


C51 COMPILATION COMPLETE.  0 WARNING(S),  0 ERROR(S)
