C51 COMPILER V9.60.7.0   MAIN                                                              12/26/2025 21:58:31 PAGE 1   


C51 COMPILER V9.60.7.0, COMPILATION OF MODULE MAIN
OBJECT MODULE PLACED IN .\Objects\main.obj
COMPILER INVOKED BY: C:\Keil_v5\C51\BIN\C51.EXE main.c OPTIMIZE(8,SPEED) BROWSE DEBUG OBJECTEXTEND PRINT(.\Listings\main
                    -.lst) TABS(2) OBJECT(.\Objects\main.obj)

line level    source

   1          #include <REGX52.H>
   2          #include <intrins.h>
   3          #include"LCD1602.h"
   4          #include"MatrixKey.h"
   5          unsigned char i;
   6          void main()
   7          {
   8   1         LCD_Init();
   9   1         LCD_ShowString(1,1,"Hello world");
  10   1         
  11   1         while(1)
  12   1         {
  13   2            i=MatrixKey();
  14   2           if(i)
  15   2           {
  16   3             LCD_ShowNum(2,1,i,3);
  17   3           }
  18   2         }
  19   1      }


MODULE INFORMATION:   STATIC OVERLAYABLE
   CODE SIZE        =     40    ----
   CONSTANT SIZE    =     12    ----
   XDATA SIZE       =   ----    ----
   PDATA SIZE       =   ----    ----
   DATA SIZE        =      1    ----
   IDATA SIZE       =   ----    ----
   BIT SIZE         =   ----    ----
END OF MODULE INFORMATION.


C51 COMPILATION COMPLETE.  0 WARNING(S),  0 ERROR(S)
