C51 COMPILER V9.60.7.0   MATRIXKEY                                                         12/26/2025 22:11:58 PAGE 1   


C51 COMPILER V9.60.7.0, COMPILATION OF MODULE MATRIXKEY
OBJECT MODULE PLACED IN .\Objects\MatrixKey.obj
COMPILER INVOKED BY: C:\Keil_v5\C51\BIN\C51.EXE MatrixKey.c OPTIMIZE(8,SPEED) BROWSE DEBUG OBJECTEXTEND PRINT(.\Listings
                    -\MatrixKey.lst) TABS(2) OBJECT(.\Objects\MatrixKey.obj)

line level    source

   1          #include <REGX52.H>
   2          #include <intrins.h>
   3          
   4          void delay()    //@12.000MHz
   5          {
   6   1        unsigned char i, j, k;
   7   1      
   8   1        _nop_();
   9   1        _nop_();
  10   1        i = 1;
  11   1        j = 234;
  12   1        k = 113;
  13   1        do
  14   1        {
  15   2          do
  16   2          {
  17   3            while (--k);
  18   3          } while (--j);
  19   2        } while (--i);
  20   1      }
  21          unsigned char MatrixKey()
  22          {
  23   1         unsigned char key=0;
  24   1         P1=0xFF;
  25   1         P1_3=0;
  26   1         if(P1_7==0){delay();while(P1_7==0);delay();key=1;}
  27   1         if(P1_6==0){delay();while(P1_6==0);delay();key=5;}
  28   1         if(P1_5==0){delay();while(P1_5==0);delay();key=9;}
  29   1         if(P1_4==0){delay();while(P1_4==0);delay();key=13;}
  30   1         P1=0xFF;
  31   1         P1_2=0;
  32   1         if(P1_7==0){delay();while(P1_7==0);delay();key=2;}
  33   1         if(P1_6==0){delay();while(P1_6==0);delay();key=6;}
  34   1         if(P1_5==0){delay();while(P1_5==0);delay();key=10;}
  35   1         if(P1_4==0){delay();while(P1_4==0);delay();key=14;}
  36   1         P1=0xFF;
  37   1         P1_1=0;
  38   1         if(P1_7==0){delay();while(P1_7==0);delay();key=3;}
  39   1         if(P1_6==0){delay();while(P1_6==0);delay();key=7;}
  40   1         if(P1_5==0){delay();while(P1_5==0);delay();key=11;}
  41   1         if(P1_4==0){delay();while(P1_4==0);delay();key=15;}
  42   1         P1=0xFF;
  43   1         P1_0=0;
  44   1         if(P1_7==0){delay();while(P1_7==0);delay();key=4;}
  45   1         if(P1_6==0){delay();while(P1_6==0);delay();key=8;}
  46   1         if(P1_5==0){delay();while(P1_5==0);delay();key=12;}
  47   1         if(P1_4==0){delay();while(P1_4==0);delay();key=16;}
  48   1        
  49   1        return key;
  50   1      }


MODULE INFORMATION:   STATIC OVERLAYABLE
   CODE SIZE        =    264    ----
C51 COMPILER V9.60.7.0   MATRIXKEY                                                         12/26/2025 22:11:58 PAGE 2   

   CONSTANT SIZE    =   ----    ----
   XDATA SIZE       =   ----    ----
   PDATA SIZE       =   ----    ----
   DATA SIZE        =   ----    ----
   IDATA SIZE       =   ----    ----
   BIT SIZE         =   ----    ----
END OF MODULE INFORMATION.


C51 COMPILATION COMPLETE.  0 WARNING(S),  0 ERROR(S)
