C51 COMPILER V9.60.7.0   MAIN                                                              01/02/2026 16:35:37 PAGE 1   


C51 COMPILER V9.60.7.0, COMPILATION OF MODULE MAIN
OBJECT MODULE PLACED IN .\Objects\main.obj
COMPILER INVOKED BY: C:\Keil_v5\C51\BIN\C51.EXE main.c OPTIMIZE(8,SPEED) BROWSE DEBUG OBJECTEXTEND PRINT(.\Listings\main
                    -.lst) TABS(2) OBJECT(.\Objects\main.obj)

line level    source

   1          #include <REGX52.H>
   2          #include "Delay.h"
   3          #include "Matrix LED.h"
   4          unsigned char i;
   5          unsigned char a=0;
   6          
   7          
   8          sbit RCK=P3^5;     //RCLK
   9          sbit SCK=P3^6;     //SRCLK
  10          sbit SER=P3^4;     //SER
  11          
  12          unsigned char Animation[48] = 
  13          {
  14          0x00,0x00,0x19,0x3E,0x7C,0x54,0x03,0x00,
  15          0x00,0x00,0x01,0x02,0x1C,0x1C,0x7B,0x58,
  16          0x00,0x00,0x19,0x3E,0x7C,0x54,0x03,0x00,
  17          0x00,0x00,0x23,0x7C,0xF8,0xB6,0x01,0x00,
  18          0x00,0x00,0x01,0x02,0x24,0x78,0xFF,0xB0,
  19          0x00,0x00,0x23,0x7C,0xF8,0xB6,0x01,0x00
  20          };
  21          
  22          
  23          void main()
  24          {
  25   1        MatrixLED_Init();
  26   1        while(1)
  27   1        {
  28   2            for(i=0;i<48;)
  29   2          {
  30   3            
  31   3            i=i+8;
  32   3            MartrixLED_ShowColumn(0,Animation[i]);
  33   3            MartrixLED_ShowColumn(1,Animation[i+1]);
  34   3            MartrixLED_ShowColumn(2,Animation[i+2]);
  35   3            MartrixLED_ShowColumn(3,Animation[i+3]);
  36   3            MartrixLED_ShowColumn(4,Animation[i+4]);
  37   3            MartrixLED_ShowColumn(5,Animation[i+5]);
  38   3            MartrixLED_ShowColumn(6,Animation[i+6]);
  39   3            MartrixLED_ShowColumn(7,Animation[i+7]);
  40   3            if(i==40)
  41   3            {
  42   4              i=0;
  43   4            }
  44   3            Delay(100);
  45   3          }
  46   2        }
  47   1      }


MODULE INFORMATION:   STATIC OVERLAYABLE
   CODE SIZE        =    130    ----
   CONSTANT SIZE    =   ----    ----
   XDATA SIZE       =   ----    ----
   PDATA SIZE       =   ----    ----
C51 COMPILER V9.60.7.0   MAIN                                                              01/02/2026 16:35:37 PAGE 2   

   DATA SIZE        =     50    ----
   IDATA SIZE       =   ----    ----
   BIT SIZE         =   ----    ----
END OF MODULE INFORMATION.


C51 COMPILATION COMPLETE.  0 WARNING(S),  0 ERROR(S)
