C51 COMPILER V9.60.7.0   MAIN                                                              12/25/2025 10:38:36 PAGE 1   


C51 COMPILER V9.60.7.0, COMPILATION OF MODULE MAIN
OBJECT MODULE PLACED IN .\Objects\main.obj
COMPILER INVOKED BY: C:\Keil_v5\C51\BIN\C51.EXE main.c OPTIMIZE(8,SPEED) BROWSE DEBUG OBJECTEXTEND PRINT(.\Listings\main
                    -.lst) TABS(2) OBJECT(.\Objects\main.obj)

line level    source

   1          #include <REGX52.H>
   2          #include<intrins.h>
   3          
   4          void Delay20ms()    //@12.000MHz
   5          {
   6   1        unsigned char i, j, k;
   7   1      
   8   1        _nop_();
   9   1        _nop_();
  10   1        i = 1;
  11   1        j = 234;
  12   1        k = 113;
  13   1        do
  14   1        {
  15   2          do
  16   2          {
  17   3            while (--k);
  18   3          } while (--j);
  19   2        } while (--i);
  20   1      }
  21          
  22          void main()
  23          {
  24   1         P2=0xFF;
  25   1         while(1)
  26   1         {
  27   2           Delay20ms();
  28   2           if(P3_1==0)
  29   2           {
  30   3             Delay20ms();
  31   3             while(P3_1==0);
  32   3             if(P2==0)
  33   3               P2=0xFF;
  34   3             else
  35   3               P2=P2-1;
  36   3           }
  37   2         }
  38   1      
  39   1      }


MODULE INFORMATION:   STATIC OVERLAYABLE
   CODE SIZE        =     42    ----
   CONSTANT SIZE    =   ----    ----
   XDATA SIZE       =   ----    ----
   PDATA SIZE       =   ----    ----
   DATA SIZE        =   ----    ----
   IDATA SIZE       =   ----    ----
   BIT SIZE         =   ----    ----
END OF MODULE INFORMATION.


C51 COMPILATION COMPLETE.  0 WARNING(S),  0 ERROR(S)
