C51 COMPILER V9.60.7.0   NIXIE                                                             02/10/2026 00:01:44 PAGE 1   


C51 COMPILER V9.60.7.0, COMPILATION OF MODULE NIXIE
OBJECT MODULE PLACED IN .\Objects\Nixie.obj
COMPILER INVOKED BY: C:\Keil_v5\C51\BIN\C51.EXE Nixie.c OPTIMIZE(8,SPEED) BROWSE DEBUG OBJECTEXTEND PRINT(.\Listings\Nix
                    -ie.lst) TABS(2) OBJECT(.\Objects\Nixie.obj)

line level    source

   1          #include <REGX52.H>
   2          
   3          
   4          //数码管段码表
   5          unsigned char NixieTable[]={0x3F,0x06,0x5B,0x4F,0x66,0x6D,0x7D,0x07,0x7F,0x6F};
   6          
   7          /**
   8            * @brief  数码管显示
   9            * @param  Location 要显示的位置，范围：1~8
  10            * @param  Number 要显示的数字，范围：段码表索引范围
  11            * @retval 无
  12            */
  13          void Nixie(unsigned char Location,unsigned char Number)
  14          {
  15   1        switch(Location)    //位码输出
  16   1        {
  17   2          case 1:P2_4=1;P2_3=1;P2_2=1;break;
  18   2          case 2:P2_4=1;P2_3=1;P2_2=0;break;
  19   2          case 3:P2_4=1;P2_3=0;P2_2=1;break;
  20   2          case 4:P2_4=1;P2_3=0;P2_2=0;break;
  21   2          case 5:P2_4=0;P2_3=1;P2_2=1;break;
  22   2          case 6:P2_4=0;P2_3=1;P2_2=0;break;
  23   2          case 7:P2_4=0;P2_3=0;P2_2=1;break;
  24   2          case 8:P2_4=0;P2_3=0;P2_2=0;break;
  25   2        }
  26   1        P0=NixieTable[Number];  //段码输出
  27   1      //  Delay(1);       //显示一段时间
  28   1      //  P0=0x00;        //段码清0，消影
  29   1      }
  30          
  31          void Nixie_a(unsigned char Location)//  字符  -
  32          {
  33   1          switch(Location)    //位码输出
  34   1        {
  35   2          case 1:P2_4=1;P2_3=1;P2_2=1;break;
  36   2          case 2:P2_4=1;P2_3=1;P2_2=0;break;
  37   2          case 3:P2_4=1;P2_3=0;P2_2=1;break;
  38   2          case 4:P2_4=1;P2_3=0;P2_2=0;break;
  39   2          case 5:P2_4=0;P2_3=1;P2_2=1;break;
  40   2          case 6:P2_4=0;P2_3=1;P2_2=0;break;
  41   2          case 7:P2_4=0;P2_3=0;P2_2=1;break;
  42   2          case 8:P2_4=0;P2_3=0;P2_2=0;break;
  43   2        }
  44   1        P0=0x40;
  45   1      }
  46          
  47          void Nixie_b(unsigned char Location) //char _
  48          {
  49   1        switch(Location)    //位码输出
  50   1        {
  51   2          case 1:P2_4=1;P2_3=1;P2_2=1;break;
  52   2          case 2:P2_4=1;P2_3=1;P2_2=0;break;
  53   2          case 3:P2_4=1;P2_3=0;P2_2=1;break;
  54   2          case 4:P2_4=1;P2_3=0;P2_2=0;break;
C51 COMPILER V9.60.7.0   NIXIE                                                             02/10/2026 00:01:44 PAGE 2   

  55   2          case 5:P2_4=0;P2_3=1;P2_2=1;break;
  56   2          case 6:P2_4=0;P2_3=1;P2_2=0;break;
  57   2          case 7:P2_4=0;P2_3=0;P2_2=1;break;
  58   2          case 8:P2_4=0;P2_3=0;P2_2=0;break;
  59   2        }
  60   1        P0=0x08;
  61   1      }
  62          
  63          void Nixie_c(unsigned char Location) //char =
  64          {
  65   1          switch(Location)    //位码输出
  66   1        {
  67   2          case 1:P2_4=1;P2_3=1;P2_2=1;break;
  68   2          case 2:P2_4=1;P2_3=1;P2_2=0;break;
  69   2          case 3:P2_4=1;P2_3=0;P2_2=1;break;
  70   2          case 4:P2_4=1;P2_3=0;P2_2=0;break;
  71   2          case 5:P2_4=0;P2_3=1;P2_2=1;break;
  72   2          case 6:P2_4=0;P2_3=1;P2_2=0;break;
  73   2          case 7:P2_4=0;P2_3=0;P2_2=1;break;
  74   2          case 8:P2_4=0;P2_3=0;P2_2=0;break;
  75   2        }
  76   1        P0=0x48;
  77   1      }
  78            
  79            
  80            


MODULE INFORMATION:   STATIC OVERLAYABLE
   CODE SIZE        =    384    ----
   CONSTANT SIZE    =   ----    ----
   XDATA SIZE       =   ----    ----
   PDATA SIZE       =   ----    ----
   DATA SIZE        =     10    ----
   IDATA SIZE       =   ----    ----
   BIT SIZE         =   ----    ----
END OF MODULE INFORMATION.


C51 COMPILATION COMPLETE.  0 WARNING(S),  0 ERROR(S)
