C51 COMPILER V9.60.7.0   MAIN                                                              01/02/2026 15:52:31 PAGE 1   


C51 COMPILER V9.60.7.0, COMPILATION OF MODULE MAIN
OBJECT MODULE PLACED IN .\Objects\main.obj
COMPILER INVOKED BY: C:\Keil_v5\C51\BIN\C51.EXE main.c OPTIMIZE(8,SPEED) BROWSE DEBUG OBJECTEXTEND PRINT(.\Listings\main
                    -.lst) TABS(2) OBJECT(.\Objects\main.obj)

line level    source

   1          #include <REGX52.H>
   2          #include "Delay.h"
   3          #include "Matrix LED.h"
   4          unsigned char i;
   5          unsigned char a=0;
   6          
   7          
   8          sbit RCK=P3^5;     //RCLK
   9          sbit SCK=P3^6;     //SRCLK
  10          sbit SER=P3^4;     //SER
  11          
  12          unsigned char Animation[56]=
  13          {0x04,0x02,0x02,0xFC,0x00,0x3C,0x02,0x02,0x3C,0x02,0x00,0x12,0x2A,0x2A,0x24,0x00,
  14          0x00,0x10,0x7E,0x12,0x04,0x00,0x00,0x06,0x09,0x09,0x7E,0x00,0x06,0x09,0x09,0x06,
  15          0x00,0x00,0x00,0x2E,0x00,0x00,0x10,0x7E,0x12,0x04,0x00,0x00,0x00,0x3D,0x00,0x00,0x00,0x00,0x00,0x00,0x00,0
             -x00,0x00,0x00
  16          };
  17          
  18          
  19          void main()
  20          {
  21   1        MatrixLED_Init();
  22   1        while(1)
  23   1        {
  24   2            for(i=0;i<56;i++)
  25   2          {
  26   3            MartrixLED_ShowColumn(0,Animation[i]);
  27   3            MartrixLED_ShowColumn(1,Animation[i+1]);
  28   3            MartrixLED_ShowColumn(2,Animation[i+2]);
  29   3            MartrixLED_ShowColumn(3,Animation[i+3]);
  30   3            MartrixLED_ShowColumn(4,Animation[i+4]);
  31   3            MartrixLED_ShowColumn(5,Animation[i+5]);
  32   3            MartrixLED_ShowColumn(6,Animation[i+6]);
  33   3            MartrixLED_ShowColumn(7,Animation[i+7]);
  34   3            Delay(20);
  35   3            if((i+8)==56)
  36   3            {
  37   4              i=0;
  38   4            }
  39   3          }
  40   2        }
  41   1      }


MODULE INFORMATION:   STATIC OVERLAYABLE
   CODE SIZE        =    137    ----
   CONSTANT SIZE    =   ----    ----
   XDATA SIZE       =   ----    ----
   PDATA SIZE       =   ----    ----
   DATA SIZE        =     58    ----
   IDATA SIZE       =   ----    ----
   BIT SIZE         =   ----    ----
END OF MODULE INFORMATION.


C51 COMPILATION COMPLETE.  0 WARNING(S),  0 ERROR(S)
