C51 COMPILER V9.60.7.0   MAIN                                                              12/25/2025 11:26:22 PAGE 1   


C51 COMPILER V9.60.7.0, COMPILATION OF MODULE MAIN
OBJECT MODULE PLACED IN .\Objects\main.obj
COMPILER INVOKED BY: C:\Keil_v5\C51\BIN\C51.EXE main.c OPTIMIZE(8,SPEED) BROWSE DEBUG OBJECTEXTEND PRINT(.\Listings\main
                    -.lst) TABS(2) OBJECT(.\Objects\main.obj)

line level    source

   1          #include<intrins.h>
   2          #include <REGX52.H>
   3          
   4          
   5          void Delay20ms()    //@12.000MHz
   6          {
   7   1        unsigned char i, j, k;
   8   1      
   9   1        _nop_();
  10   1        _nop_();
  11   1        i = 1;
  12   1        j = 234;
  13   1        k = 113;
  14   1        do
  15   1        {
  16   2          do
  17   2          {
  18   3            while (--k);
  19   3          } while (--j);
  20   2        } while (--i);
  21   1      }
  22          
  23          void main()
  24          {
  25   1         unsigned char a;
  26   1         P2=0xFE;
  27   1         while(1)
  28   1         {
  29   2           Delay20ms();
  30   2           if(P3_1==0)
  31   2           {
  32   3             Delay20ms();
  33   3             if(P3_1==0)
  34   3             {
  35   4               while(P3_1==0);
  36   4               a=2*(~P2);
  37   4               if(a==0)
  38   4                 a=0x01;
  39   4               P2=~a;
  40   4             }
  41   3           }
  42   2         }
  43   1      
  44   1      }
  45          


MODULE INFORMATION:   STATIC OVERLAYABLE
   CODE SIZE        =     49    ----
   CONSTANT SIZE    =   ----    ----
   XDATA SIZE       =   ----    ----
   PDATA SIZE       =   ----    ----
   DATA SIZE        =   ----    ----
   IDATA SIZE       =   ----    ----
C51 COMPILER V9.60.7.0   MAIN                                                              12/25/2025 11:26:22 PAGE 2   

   BIT SIZE         =   ----    ----
END OF MODULE INFORMATION.


C51 COMPILATION COMPLETE.  0 WARNING(S),  0 ERROR(S)
