C51 COMPILER V9.60.7.0   AT24C02                                                           02/06/2026 19:55:30 PAGE 1   


C51 COMPILER V9.60.7.0, COMPILATION OF MODULE AT24C02
OBJECT MODULE PLACED IN .\Objects\AT24C02.obj
COMPILER INVOKED BY: C:\Keil_v5\C51\BIN\C51.EXE AT24C02.c OPTIMIZE(8,SPEED) BROWSE DEBUG OBJECTEXTEND PRINT(.\Listings\A
                    -T24C02.lst) TABS(2) OBJECT(.\Objects\AT24C02.obj)

line level    source

   1          #include <REGX52.H>
   2          #include "I2C.h"
   3          
   4          void AT24C02_WriteByte(unsigned char Waddress,unsigned char byte)
   5          {
   6   1        I2C_Start();
   7   1        I2C_WriteByte(0xA0);
   8   1        I2C_ReadACK();
   9   1        I2C_WriteByte(Waddress);
  10   1        I2C_ReadACK();
  11   1        I2C_WriteByte(byte);
  12   1        I2C_ReadACK();
  13   1        I2C_Stop();
  14   1      }
  15          
  16          unsigned char AT24C02_ReadByte(unsigned char Waddress)
  17          {
  18   1        unsigned char Data;
  19   1        I2C_Start();
  20   1        I2C_WriteByte(0xA0);
  21   1        I2C_ReadACK();
  22   1        I2C_WriteByte(Waddress);
  23   1        I2C_ReadACK();
  24   1        I2C_Start();
  25   1        I2C_WriteByte(0xA1);
  26   1        I2C_ReadACK();
  27   1        Data=I2C_Readbyte();
  28   1        I2C_SendACK(1);
  29   1        I2C_Stop();
  30   1        return Data;
  31   1      }


MODULE INFORMATION:   STATIC OVERLAYABLE
   CODE SIZE        =     82    ----
   CONSTANT SIZE    =   ----    ----
   XDATA SIZE       =   ----    ----
   PDATA SIZE       =   ----    ----
   DATA SIZE        =   ----       4
   IDATA SIZE       =   ----    ----
   BIT SIZE         =   ----    ----
END OF MODULE INFORMATION.


C51 COMPILATION COMPLETE.  0 WARNING(S),  0 ERROR(S)
