C51 COMPILER V9.60.7.0   I2C                                                               02/06/2026 19:54:27 PAGE 1   


C51 COMPILER V9.60.7.0, COMPILATION OF MODULE I2C
OBJECT MODULE PLACED IN .\Objects\I2C.obj
COMPILER INVOKED BY: C:\Keil_v5\C51\BIN\C51.EXE I2C.c OPTIMIZE(8,SPEED) BROWSE DEBUG OBJECTEXTEND PRINT(.\Listings\I2C.l
                    -st) TABS(2) OBJECT(.\Objects\I2C.obj)

line level    source

   1          #include <REGX52.H>
   2          
   3          
   4          sbit I2C_SCL=P2^1;
   5          sbit I2C_SDA=P2^0;
   6          
   7          void I2C_Start()
   8          {
   9   1        I2C_SDA=1;
  10   1        I2C_SCL=1;
  11   1        I2C_SDA=0;
  12   1        I2C_SCL=0;
  13   1      }
  14          
  15          void I2C_Stop()
  16          {
  17   1        I2C_SDA=0;
  18   1        I2C_SCL=1;
  19   1        I2C_SDA=1;
  20   1        I2C_SCL=0;
  21   1      }
  22          
  23          void I2C_Writebyte(unsigned char byte)
  24          {
  25   1        unsigned char i;
  26   1        I2C_SCL=0;
  27   1        
  28   1        for(i=0;i<8;i++)
  29   1        {
  30   2          I2C_SDA=byte&(0x80>>i);
  31   2          I2C_SCL=1;
  32   2          I2C_SCL=0;
  33   2        }
  34   1      }
  35          
  36          unsigned char I2C_Readbyte()
  37          {
  38   1        unsigned char i;
  39   1        unsigned char byte=0x00;
  40   1        I2C_SDA = 1;//必要的释放总线
  41   1        I2C_SCL=0;
  42   1        for(i=0;i<8;i++)
  43   1        {
  44   2          byte=byte<<1;
  45   2          I2C_SCL=1;
  46   2          byte=byte|I2C_SDA;
  47   2          I2C_SCL=0;
  48   2        }
  49   1        return byte;
  50   1      }
  51          
  52          void I2C_SendACK(unsigned char sendACK)
  53          {
  54   1        I2C_SCL=0;
C51 COMPILER V9.60.7.0   I2C                                                               02/06/2026 19:54:27 PAGE 2   

  55   1        I2C_SDA=sendACK;
  56   1        I2C_SCL=1;
  57   1        I2C_SCL=0;
  58   1      }
  59          
  60          unsigned char I2C_ReadACK()
  61          { 
  62   1        unsigned char ACK;
  63   1        I2C_SCL=0;
  64   1        ACK=I2C_SDA;
  65   1        I2C_SCL=1;
  66   1        I2C_SCL=0;
  67   1        return ACK;
  68   1      }


MODULE INFORMATION:   STATIC OVERLAYABLE
   CODE SIZE        =    111    ----
   CONSTANT SIZE    =   ----    ----
   XDATA SIZE       =   ----    ----
   PDATA SIZE       =   ----    ----
   DATA SIZE        =   ----    ----
   IDATA SIZE       =   ----    ----
   BIT SIZE         =   ----    ----
END OF MODULE INFORMATION.


C51 COMPILATION COMPLETE.  0 WARNING(S),  0 ERROR(S)
