C51 COMPILER V9.60.7.0   MAIN                                                              02/06/2026 20:03:39 PAGE 1   


C51 COMPILER V9.60.7.0, COMPILATION OF MODULE MAIN
OBJECT MODULE PLACED IN .\Objects\main.obj
COMPILER INVOKED BY: C:\Keil_v5\C51\BIN\C51.EXE main.c OPTIMIZE(8,SPEED) BROWSE DEBUG OBJECTEXTEND PRINT(.\Listings\main
                    -.lst) TABS(2) OBJECT(.\Objects\main.obj)

line level    source

   1          #include <REGX52.H>
   2          #include "Delay.h"
   3          #include "Key.h"
   4          #include "LCD1602.h"
   5          #include "AT24C02.h"
   6          
   7          void main()
   8          {
   9   1        //unsigned char i;
  10   1        LCD_Init();
  11   1        LCD_ShowString(1,1,"OK");
  12   1        //LCD_ShowNum(2,1,i,2);
  13   1        //AT24C02_WriteByte(0,0xAA);
  14   1        P2 = AT24C02_ReadByte(0);
  15   1        while(1)
  16   1        {
  17   2          
  18   2        }
  19   1      }


MODULE INFORMATION:   STATIC OVERLAYABLE
   CODE SIZE        =     25    ----
   CONSTANT SIZE    =      3    ----
   XDATA SIZE       =   ----    ----
   PDATA SIZE       =   ----    ----
   DATA SIZE        =   ----    ----
   IDATA SIZE       =   ----    ----
   BIT SIZE         =   ----    ----
END OF MODULE INFORMATION.


C51 COMPILATION COMPLETE.  0 WARNING(S),  0 ERROR(S)
