C51 COMPILER V9.60.7.0   MAIN                                                              12/30/2025 15:22:35 PAGE 1   


C51 COMPILER V9.60.7.0, COMPILATION OF MODULE MAIN
OBJECT MODULE PLACED IN .\Objects\main.obj
COMPILER INVOKED BY: C:\Keil_v5\C51\BIN\C51.EXE main.c OPTIMIZE(8,SPEED) BROWSE DEBUG OBJECTEXTEND PRINT(.\Listings\main
                    -.lst) TABS(2) OBJECT(.\Objects\main.obj)

line level    source

   1          #include <REGX52.H>
   2          #include "Key.h"
   3          #include "Delay.h"
   4          unsigned char count;
   5          unsigned char keynum;
   6          
   7          void Init_T0()
   8          {
   9   1        TMOD|=0x06;
  10   1        TH0=0xFD;
  11   1        TL0=0xFD;
  12   1        EA=1;
  13   1        ET0=1;
  14   1        TR0=1;
  15   1      }
  16          
  17          void Isr_T0()  interrupt 1
  18          {
  19   1        P2=~P2;
  20   1      }
  21          
  22          void main()
  23          {
  24   1        P2=0xFF;
  25   1        INit_T0();
*** WARNING C206 IN LINE 25 OF main.c: 'INit_T0': missing function-prototype
  26   1        while(1)
  27   1        {
  28   2           keynum=Key();
  29   2          if(keynum!=0)
  30   2          {
  31   3            P3_4=1;
  32   3            P3_4=0;
  33   3          }
  34   2        }
  35   1      }


MODULE INFORMATION:   STATIC OVERLAYABLE
   CODE SIZE        =     41    ----
   CONSTANT SIZE    =   ----    ----
   XDATA SIZE       =   ----    ----
   PDATA SIZE       =   ----    ----
   DATA SIZE        =      2    ----
   IDATA SIZE       =   ----    ----
   BIT SIZE         =   ----    ----
END OF MODULE INFORMATION.


C51 COMPILATION COMPLETE.  1 WARNING(S),  0 ERROR(S)
